<?xml version="1.0" encoding="UTF-8" ?>
<testsuite tests="4" failures="0" name="com.test.client.TestCliente" time="2.752" errors="1" skipped="0">
  <properties>
[...]
</properties>
  <testcase classname="com.test.client.TestCliente" name="listadoVentaEmpleBetweenImport" time="2.69"/>
  <testcase classname="com.test.client.TestCliente" name="guardaName" time="0.043">
    <error message="not-null property references a null or transient value: com.comercio.dao.model.Cliente.fechaAlta; nested exception is org.hibernate.PropertyValueException: not-null property references a null or transient value: com.comercio.dao.model.Cliente.fechaAlta" type="org.springframework.dao.DataIntegrityViolationException">org.springframework.dao.DataIntegrityViolationException: not-null property references a null or transient value: com.comercio.dao.model.Cliente.fechaAlta; nested exception is org.hibernate.PropertyValueException: not-null property references a null or transient value: com.comercio.dao.model.Cliente.fechaAlta
	at org.springframework.orm.jpa.vendor.HibernateJpaDialect.convertHibernateAccessException(HibernateJpaDialect.java:207)
	at org.springframework.orm.jpa.vendor.HibernateJpaDialect.translateExceptionIfPossible(HibernateJpaDialect.java:155)
	at org.springframework.orm.jpa.AbstractEntityManagerFactoryBean.translateExceptionIfPossible(AbstractEntityManagerFactoryBean.java:417)
	at org.springframework.dao.support.ChainedPersistenceExceptionTranslator.translateExceptionIfPossible(ChainedPersistenceExceptionTranslator.java:58)
	at org.springframework.dao.support.DataAccessUtils.translateIfNecessary(DataAccessUtils.java:213)
	at org.springframework.dao.support.PersistenceExceptionTranslationInterceptor.invoke(PersistenceExceptionTranslationInterceptor.java:163)
	at org.springframework.aop.framework.ReflectiveMethodInvocation.proceed(ReflectiveMethodInvocation.java:179)
	at org.springframework.data.jpa.repository.support.CrudMethodMetadataPostProcessor$CrudMethodMetadataPopulatingMethodIntercceptor.invoke(CrudMethodMetadataPostProcessor.java:111)
	at org.springframework.aop.framework.ReflectiveMethodInvocation.proceed(ReflectiveMethodInvocation.java:179)
	at org.springframework.aop.interceptor.ExposeInvocationInterceptor.invoke(ExposeInvocationInterceptor.java:92)
	at org.springframework.aop.framework.ReflectiveMethodInvocation.proceed(ReflectiveMethodInvocation.java:179)
	at org.springframework.aop.framework.JdkDynamicAopProxy.invoke(JdkDynamicAopProxy.java:208)
	at com.sun.proxy.$Proxy32.save(Unknown Source)
	at com.test.client.TestCliente.guardaName(TestCliente.java:37)
	at sun.reflect.NativeMethodAccessorImpl.invoke0(Native Method)
	at sun.reflect.NativeMethodAccessorImpl.invoke(NativeMethodAccessorImpl.java:62)
	at sun.reflect.DelegatingMethodAccessorImpl.invoke(DelegatingMethodAccessorImpl.java:43)
	at java.lang.reflect.Method.invoke(Method.java:497)
	at org.junit.runners.model.FrameworkMethod$1.runReflectiveCall(FrameworkMethod.java:47)
	at org.junit.internal.runners.model.ReflectiveCallable.run(ReflectiveCallable.java:12)
	at org.junit.runners.model.FrameworkMethod.invokeExplosively(FrameworkMethod.java:44)
	at org.junit.internal.runners.statements.InvokeMethod.evaluate(InvokeMethod.java:17)
	at org.springframework.test.context.junit4.statements.RunBeforeTestMethodCallbacks.evaluate(RunBeforeTestMethodCallbacks.java:74)
	at org.springframework.test.context.junit4.statements.RunAfterTestMethodCallbacks.evaluate(RunAfterTestMethodCallbacks.java:83)
	at org.springframework.test.context.junit4.statements.SpringRepeat.evaluate(SpringRepeat.java:72)
	at org.springframework.test.context.junit4.SpringJUnit4ClassRunner.runChild(SpringJUnit4ClassRunner.java:231)
	at org.springframework.test.context.junit4.SpringJUnit4ClassRunner.runChild(SpringJUnit4ClassRunner.java:88)
	at org.junit.runners.ParentRunner$3.run(ParentRunner.java:238)
	at org.junit.runners.ParentRunner$1.schedule(ParentRunner.java:63)
	at org.junit.runners.ParentRunner.runChildren(ParentRunner.java:236)
	at org.junit.runners.ParentRunner.access$000(ParentRunner.java:53)
	at org.junit.runners.ParentRunner$2.evaluate(ParentRunner.java:229)
	at org.springframework.test.context.junit4.statements.RunBeforeTestClassCallbacks.evaluate(RunBeforeTestClassCallbacks.java:61)
	at org.springframework.test.context.junit4.statements.RunAfterTestClassCallbacks.evaluate(RunAfterTestClassCallbacks.java:71)
	at org.junit.runners.ParentRunner.run(ParentRunner.java:309)
	at org.springframework.test.context.junit4.SpringJUnit4ClassRunner.run(SpringJUnit4ClassRunner.java:174)
	at org.apache.maven.surefire.junit4.JUnit4Provider.execute(JUnit4Provider.java:252)
	at org.apache.maven.surefire.junit4.JUnit4Provider.executeTestSet(JUnit4Provider.java:141)
	at org.apache.maven.surefire.junit4.JUnit4Provider.invoke(JUnit4Provider.java:112)
	at sun.reflect.NativeMethodAccessorImpl.invoke0(Native Method)
	at sun.reflect.NativeMethodAccessorImpl.invoke(NativeMethodAccessorImpl.java:62)
	at sun.reflect.DelegatingMethodAccessorImpl.invoke(DelegatingMethodAccessorImpl.java:43)
	at java.lang.reflect.Method.invoke(Method.java:497)
	at org.apache.maven.surefire.util.ReflectionUtils.invokeMethodWithArray(ReflectionUtils.java:189)
	at org.apache.maven.surefire.booter.ProviderFactory$ProviderProxy.invoke(ProviderFactory.java:165)
	at org.apache.maven.surefire.booter.ProviderFactory.invokeProvider(ProviderFactory.java:85)
	at org.apache.maven.surefire.booter.ForkedBooter.runSuitesInProcess(ForkedBooter.java:115)
	at org.apache.maven.surefire.booter.ForkedBooter.main(ForkedBooter.java:75)
Caused by: org.hibernate.PropertyValueException: not-null property references a null or transient value: com.comercio.dao.model.Cliente.fechaAlta
	at org.hibernate.engine.internal.Nullability.checkNullability(Nullability.java:103)
	at org.hibernate.action.internal.AbstractEntityInsertAction.nullifyTransientReferencesIfNotAlready(AbstractEntityInsertAction.java:132)
	at org.hibernate.action.internal.EntityIdentityInsertAction.execute(EntityIdentityInsertAction.java:69)
	at org.hibernate.engine.spi.ActionQueue.execute(ActionQueue.java:364)
	at org.hibernate.engine.spi.ActionQueue.addResolvedEntityInsertAction(ActionQueue.java:205)
	at org.hibernate.engine.spi.ActionQueue.addInsertAction(ActionQueue.java:185)
	at org.hibernate.engine.spi.ActionQueue.addAction(ActionQueue.java:169)
	at org.hibernate.event.internal.AbstractSaveEventListener.addInsertAction(AbstractSaveEventListener.java:321)
	at org.hibernate.event.internal.AbstractSaveEventListener.performSaveOrReplicate(AbstractSaveEventListener.java:286)
	at org.hibernate.event.internal.AbstractSaveEventListener.performSave(AbstractSaveEventListener.java:192)
	at org.hibernate.event.internal.AbstractSaveEventListener.saveWithGeneratedId(AbstractSaveEventListener.java:125)
	at org.hibernate.ejb.event.EJB3PersistEventListener.saveWithGeneratedId(EJB3PersistEventListener.java:78)
	at org.hibernate.event.internal.DefaultPersistEventListener.entityIsTransient(DefaultPersistEventListener.java:208)
	at org.hibernate.event.internal.DefaultPersistEventListener.onPersist(DefaultPersistEventListener.java:151)
	at org.hibernate.event.internal.DefaultPersistEventListener.onPersist(DefaultPersistEventListener.java:78)
	at org.hibernate.internal.SessionImpl.firePersist(SessionImpl.java:853)
	at org.hibernate.internal.SessionImpl.persist(SessionImpl.java:827)
	at org.hibernate.internal.SessionImpl.persist(SessionImpl.java:831)
	at org.hibernate.ejb.AbstractEntityManagerImpl.persist(AbstractEntityManagerImpl.java:875)
	at sun.reflect.NativeMethodAccessorImpl.invoke0(Native Method)
	at sun.reflect.NativeMethodAccessorImpl.invoke(NativeMethodAccessorImpl.java:62)
	at sun.reflect.DelegatingMethodAccessorImpl.invoke(DelegatingMethodAccessorImpl.java:43)
	at java.lang.reflect.Method.invoke(Method.java:497)
	at org.springframework.orm.jpa.SharedEntityManagerCreator$SharedEntityManagerInvocationHandler.invoke(SharedEntityManagerCreator.java:289)
	at com.sun.proxy.$Proxy29.persist(Unknown Source)
	at org.springframework.data.jpa.repository.support.SimpleJpaRepository.save(SimpleJpaRepository.java:393)
	at sun.reflect.NativeMethodAccessorImpl.invoke0(Native Method)
	at sun.reflect.NativeMethodAccessorImpl.invoke(NativeMethodAccessorImpl.java:62)
	at sun.reflect.DelegatingMethodAccessorImpl.invoke(DelegatingMethodAccessorImpl.java:43)
	at java.lang.reflect.Method.invoke(Method.java:497)
	at org.springframework.data.repository.core.support.RepositoryFactorySupport$QueryExecutorMethodInterceptor.executeMethodOn(RepositoryFactorySupport.java:442)
	at org.springframework.data.repository.core.support.RepositoryFactorySupport$QueryExecutorMethodInterceptor.doInvoke(RepositoryFactorySupport.java:427)
	at org.springframework.data.repository.core.support.RepositoryFactorySupport$QueryExecutorMethodInterceptor.invoke(RepositoryFactorySupport.java:381)
	at org.springframework.aop.framework.ReflectiveMethodInvocation.proceed(ReflectiveMethodInvocation.java:179)
	at org.springframework.data.repository.core.support.RepositoryFactorySupport$DefaultMethodInvokingMethodInterceptor.invoke(RepositoryFactorySupport.java:512)
	at org.springframework.aop.framework.ReflectiveMethodInvocation.proceed(ReflectiveMethodInvocation.java:179)
	at org.springframework.transaction.interceptor.TransactionInterceptor$1.proceedWithInvocation(TransactionInterceptor.java:96)
	at org.springframework.transaction.interceptor.TransactionAspectSupport.invokeWithinTransaction(TransactionAspectSupport.java:260)
	at org.springframework.transaction.interceptor.TransactionInterceptor.invoke(TransactionInterceptor.java:94)
	at org.springframework.aop.framework.ReflectiveMethodInvocation.proceed(ReflectiveMethodInvocation.java:179)
	at org.springframework.dao.support.PersistenceExceptionTranslationInterceptor.invoke(PersistenceExceptionTranslationInterceptor.java:155)
	... 42 more
</error>
    <system-out>13:32:34.684 [main] DEBUG o.s.t.annotation.ProfileValueUtils - Retrieved @ProfileValueSourceConfiguration [null] for test class [com.test.client.TestCliente]
13:32:34.684 [main] DEBUG o.s.t.annotation.ProfileValueUtils - Retrieved ProfileValueSource type [class org.springframework.test.annotation.SystemProfileValueSource] for class [com.test.client.TestCliente]
13:32:34.684 [main] DEBUG o.s.t.c.s.DependencyInjectionTestExecutionListener - Performing dependency injection for test context [[TestContext@73846619 testClass = TestCliente, testInstance = com.test.client.TestCliente@70242f38, testMethod = [null], testException = [null], mergedContextConfiguration = [MergedContextConfiguration@29ca901e testClass = TestCliente, locations = &apos;{classpath:/applicationContext.xml}&apos;, classes = &apos;{}&apos;, contextInitializerClasses = &apos;[]&apos;, activeProfiles = &apos;{}&apos;, contextLoader = &apos;org.springframework.test.context.support.DelegatingSmartContextLoader&apos;, parent = [null]]]].
13:32:34.684 [main] DEBUG o.s.t.c.CacheAwareContextLoaderDelegate - Retrieved ApplicationContext from cache with key [[MergedContextConfiguration@29ca901e testClass = TestCliente, locations = &apos;{classpath:/applicationContext.xml}&apos;, classes = &apos;{}&apos;, contextInitializerClasses = &apos;[]&apos;, activeProfiles = &apos;{}&apos;, contextLoader = &apos;org.springframework.test.context.support.DelegatingSmartContextLoader&apos;, parent = [null]]].
13:32:34.685 [main] DEBUG o.s.b.f.annotation.InjectionMetadata - Processing injected element of bean &apos;com.test.client.TestCliente&apos;: AutowiredFieldElement for com.comercio.dao.repository.ClienteRepository com.test.client.TestCliente.cliente
13:32:34.685 [main] DEBUG o.s.b.f.s.DefaultListableBeanFactory - Returning cached instance of singleton bean &apos;com.comercio.dao.repository.ClienteRepository&apos;
13:32:34.685 [main] DEBUG o.s.b.f.annotation.InjectionMetadata - Processing injected element of bean &apos;com.test.client.TestCliente&apos;: AutowiredFieldElement for com.comercio.services.VentasService com.test.client.TestCliente.ventasService
13:32:34.685 [main] DEBUG o.s.b.f.s.DefaultListableBeanFactory - Returning cached instance of singleton bean &apos;ventasServiceImp&apos;
13:32:34.685 [main] DEBUG o.s.d.r.c.s.TransactionalRepositoryProxyPostProcessor$CustomAnnotationTransactionAttributeSource - Adding transactional method &apos;save&apos; with attribute: PROPAGATION_REQUIRED,ISOLATION_DEFAULT; &apos;&apos;
13:32:34.685 [main] DEBUG o.s.b.f.s.DefaultListableBeanFactory - Returning cached instance of singleton bean &apos;transactionManager&apos;
13:32:34.685 [main] DEBUG o.s.orm.jpa.JpaTransactionManager - Creating new transaction with name [org.springframework.data.jpa.repository.support.SimpleJpaRepository.save]: PROPAGATION_REQUIRED,ISOLATION_DEFAULT; &apos;&apos;
13:32:34.685 [main] DEBUG o.s.orm.jpa.JpaTransactionManager - Opened new EntityManager [org.hibernate.ejb.EntityManagerImpl@2a22ad2b] for JPA transaction
13:32:34.685 [main] DEBUG o.h.e.t.spi.AbstractTransactionImpl - begin
13:32:34.685 [main] DEBUG o.h.e.j.i.LogicalConnectionImpl - Obtaining JDBC connection
13:32:34.685 [main] DEBUG o.h.e.j.i.LogicalConnectionImpl - Obtained JDBC connection
13:32:34.685 [main] DEBUG o.h.e.t.i.jdbc.JdbcTransaction - initial autocommit status: true
13:32:34.685 [main] DEBUG o.h.e.t.i.jdbc.JdbcTransaction - disabling autocommit
13:32:34.686 [main] DEBUG o.s.orm.jpa.JpaTransactionManager - Exposing JPA transaction as JDBC transaction [org.springframework.orm.jpa.vendor.HibernateJpaDialect$HibernateConnectionHandle@121c54fa]
13:32:34.704 [main] DEBUG org.hibernate.engine.spi.ActionQueue - Executing identity-insert immediately
13:32:34.706 [main] DEBUG o.h.ejb.AbstractEntityManagerImpl - Mark transaction for rollback
13:32:34.706 [main] DEBUG o.s.orm.jpa.JpaTransactionManager - Initiating transaction rollback
13:32:34.706 [main] DEBUG o.s.orm.jpa.JpaTransactionManager - Rolling back JPA transaction on EntityManager [org.hibernate.ejb.EntityManagerImpl@2a22ad2b]
13:32:34.706 [main] DEBUG o.h.e.t.spi.AbstractTransactionImpl - rolling back
13:32:34.706 [main] DEBUG o.h.e.t.i.jdbc.JdbcTransaction - rolled JDBC Connection
13:32:34.706 [main] DEBUG o.h.e.t.i.jdbc.JdbcTransaction - re-enabling autocommit
13:32:34.706 [main] DEBUG o.s.orm.jpa.JpaTransactionManager - Closing JPA EntityManager [org.hibernate.ejb.EntityManagerImpl@2a22ad2b] after transaction
13:32:34.706 [main] DEBUG o.s.o.jpa.EntityManagerFactoryUtils - Closing JPA EntityManager
13:32:34.706 [main] DEBUG o.h.e.j.i.LogicalConnectionImpl - Releasing JDBC connection
13:32:34.706 [main] DEBUG o.h.e.j.i.LogicalConnectionImpl - Released JDBC connection
13:32:34.708 [main] DEBUG o.s.t.c.s.DirtiesContextTestExecutionListener - After test method: context [[TestContext@73846619 testClass = TestCliente, testInstance = com.test.client.TestCliente@70242f38, testMethod = guardaName@TestCliente, testException = org.springframework.dao.DataIntegrityViolationException: not-null property references a null or transient value: com.comercio.dao.model.Cliente.fechaAlta; nested exception is org.hibernate.PropertyValueException: not-null property references a null or transient value: com.comercio.dao.model.Cliente.fechaAlta, mergedContextConfiguration = [MergedContextConfiguration@29ca901e testClass = TestCliente, locations = &apos;{classpath:/applicationContext.xml}&apos;, classes = &apos;{}&apos;, contextInitializerClasses = &apos;[]&apos;, activeProfiles = &apos;{}&apos;, contextLoader = &apos;org.springframework.test.context.support.DelegatingSmartContextLoader&apos;, parent = [null]]]], class dirties context [false], class mode [null], method dirties context [false].
</system-out>
  </testcase>
  <testcase classname="com.test.client.TestCliente" name="sakarImportes" time="0.001"/>
  <testcase classname="com.test.client.TestCliente" name="listadoVentaEmple" time="0.018"/>
</testsuite>